<?xml version="1.0" encoding="UTF-8"?>
<testsuite name="com.security.Oauth_2.Oauth2ApplicationTests" tests="1" skipped="0" failures="0" errors="0" timestamp="2024-07-31T04:39:21" hostname="DESKTOP-VL196R0" time="0.653">
  <properties/>
  <testcase name="contextLoads()" classname="com.security.Oauth_2.Oauth2ApplicationTests" time="0.653"/>
  <system-out><![CDATA[09:39:16.676 [Test worker] INFO org.springframework.test.context.support.AnnotationConfigContextLoaderUtils -- Could not detect default configuration classes for test class [com.security.Oauth_2.Oauth2ApplicationTests]: Oauth2ApplicationTests does not declare any static, non-private, non-final, nested classes annotated with @Configuration.
09:39:16.797 [Test worker] INFO org.springframework.boot.test.context.SpringBootTestContextBootstrapper -- Found @SpringBootConfiguration com.security.Oauth_2.Oauth2Application for test class com.security.Oauth_2.Oauth2ApplicationTests

  .   ____          _            __ _ _
 /\\ / ___'_ __ _ _(_)_ __  __ _ \ \ \ \
( ( )\___ | '_ | '_| | '_ \/ _` | \ \ \ \
 \\/  ___)| |_)| | | | | || (_| |  ) ) ) )
  '  |____| .__|_| |_|_| |_\__, | / / / /
 =========|_|==============|___/=/_/_/_/
 :: Spring Boot ::                (v3.2.8)

2024-07-31T09:39:17.372+05:00  INFO 17392 --- [OAuth2] [    Test worker] c.s.Oauth_2.Oauth2ApplicationTests       : Starting Oauth2ApplicationTests using Java 22.0.2 with PID 17392 (started by ADMIN in C:\Users\ADMIN\Desktop\LFRT\practice\Security in spiring\OAuth2\OAuth2)
2024-07-31T09:39:17.374+05:00  INFO 17392 --- [OAuth2] [    Test worker] c.s.Oauth_2.Oauth2ApplicationTests       : No active profile set, falling back to 1 default profile: "default"
2024-07-31T09:39:18.173+05:00  INFO 17392 --- [OAuth2] [    Test worker] .s.d.r.c.RepositoryConfigurationDelegate : Bootstrapping Spring Data JPA repositories in DEFAULT mode.
2024-07-31T09:39:18.248+05:00  INFO 17392 --- [OAuth2] [    Test worker] .s.d.r.c.RepositoryConfigurationDelegate : Finished Spring Data repository scanning in 61 ms. Found 1 JPA repository interface.
2024-07-31T09:39:18.780+05:00  INFO 17392 --- [OAuth2] [    Test worker] com.zaxxer.hikari.HikariDataSource       : HikariPool-1 - Starting...
2024-07-31T09:39:19.285+05:00  INFO 17392 --- [OAuth2] [    Test worker] com.zaxxer.hikari.pool.HikariPool        : HikariPool-1 - Added connection com.mysql.cj.jdbc.ConnectionImpl@401e02b4
2024-07-31T09:39:19.290+05:00  INFO 17392 --- [OAuth2] [    Test worker] com.zaxxer.hikari.HikariDataSource       : HikariPool-1 - Start completed.
2024-07-31T09:39:19.347+05:00  INFO 17392 --- [OAuth2] [    Test worker] o.hibernate.jpa.internal.util.LogHelper  : HHH000204: Processing PersistenceUnitInfo [name: default]
2024-07-31T09:39:19.426+05:00  INFO 17392 --- [OAuth2] [    Test worker] org.hibernate.Version                    : HHH000412: Hibernate ORM core version 6.4.9.Final
2024-07-31T09:39:19.480+05:00  INFO 17392 --- [OAuth2] [    Test worker] o.h.c.internal.RegionFactoryInitiator    : HHH000026: Second-level cache disabled
2024-07-31T09:39:19.815+05:00  INFO 17392 --- [OAuth2] [    Test worker] o.s.o.j.p.SpringPersistenceUnitInfo      : No LoadTimeWeaver setup: ignoring JPA class transformer
2024-07-31T09:39:20.788+05:00  INFO 17392 --- [OAuth2] [    Test worker] o.h.e.t.j.p.i.JtaPlatformInitiator       : HHH000489: No JTA platform available (set 'hibernate.transaction.jta.platform' to enable JTA platform integration)
2024-07-31T09:39:20.791+05:00  INFO 17392 --- [OAuth2] [    Test worker] j.LocalContainerEntityManagerFactoryBean : Initialized JPA EntityManagerFactory for persistence unit 'default'
2024-07-31T09:39:21.201+05:00  WARN 17392 --- [OAuth2] [    Test worker] JpaBaseConfiguration$JpaWebConfiguration : spring.jpa.open-in-view is enabled by default. Therefore, database queries may be performed during view rendering. Explicitly configure spring.jpa.open-in-view to disable this warning
2024-07-31T09:39:21.579+05:00  INFO 17392 --- [OAuth2] [    Test worker] o.s.s.web.DefaultSecurityFilterChain     : Will secure any request with [org.springframework.security.web.session.DisableEncodeUrlFilter@6b3d3e57, org.springframework.security.web.context.request.async.WebAsyncManagerIntegrationFilter@15251cc2, org.springframework.security.web.context.SecurityContextHolderFilter@fe337, org.springframework.security.web.header.HeaderWriterFilter@41ae9f11, org.springframework.web.filter.CorsFilter@7bdaf563, org.springframework.security.web.csrf.CsrfFilter@160d68b8, org.springframework.security.web.authentication.logout.LogoutFilter@52737c1, org.springframework.security.web.authentication.www.BasicAuthenticationFilter@2ef812b, org.springframework.security.web.savedrequest.RequestCacheAwareFilter@50b78155, org.springframework.security.web.servletapi.SecurityContextHolderAwareRequestFilter@8b71052, org.springframework.security.web.authentication.AnonymousAuthenticationFilter@53813f01, org.springframework.security.web.access.ExceptionTranslationFilter@723081a2, org.springframework.security.web.access.intercept.AuthorizationFilter@1002c49e]
2024-07-31T09:39:21.951+05:00  INFO 17392 --- [OAuth2] [    Test worker] c.s.Oauth_2.Oauth2ApplicationTests       : Started Oauth2ApplicationTests in 4.924 seconds (process running for 6.403)
]]></system-out>
  <system-err><![CDATA[WARNING: A Java agent has been loaded dynamically (C:\Users\ADMIN\.gradle\caches\modules-2\files-2.1\net.bytebuddy\byte-buddy-agent\1.14.18\417558ea01fe9f0e8a94af28b9469d281c4e3984\byte-buddy-agent-1.14.18.jar)
WARNING: If a serviceability tool is in use, please run with -XX:+EnableDynamicAgentLoading to hide this warning
WARNING: If a serviceability tool is not in use, please run with -Djdk.instrument.traceUsage for more information
WARNING: Dynamic loading of agents will be disallowed by default in a future release
]]></system-err>
</testsuite>
